#-----------------------------------------------------------
# Vivado v2020.1 (64-bit)
# SW Build 2902540 on Wed May 27 19:54:49 MDT 2020
# IP Build 2902112 on Wed May 27 22:43:36 MDT 2020
# Start of session at: Wed Sep 13 23:05:48 2023
# Process ID: 22256
# Current directory: C:/Users/Acer/Desktop/New folder (3)/16 bit risk processor/verilogProcessorV5/verilogProcessorV2
# Command line: vivado.exe -gui_launcher_event rodinguilauncherevent13968 C:\Users\Acer\Desktop\New folder (3)\16 bit risk processor\verilogProcessorV5\verilogProcessorV2\verilogProcessorV2.xpr
# Log file: C:/Users/Acer/Desktop/New folder (3)/16 bit risk processor/verilogProcessorV5/verilogProcessorV2/vivado.log
# Journal file: C:/Users/Acer/Desktop/New folder (3)/16 bit risk processor/verilogProcessorV5/verilogProcessorV2\vivado.jou
#-----------------------------------------------------------sstart_guioopen_project {C:/Users/Acer/Desktop/New folder (3)/16 bit risk processor/verilogProcessorV5/verilogProcessorV2/verilogProcessorV2.xpr}
INFO: [ProjectBase 1-489] The host OS only allows 260 characters in a normal path. The project is stored in a path with more than 80 characters. If you experience issues with IP, Block Designs, or files not being found, please consider moving the project to a location with a shorter path. Alternately consider using the OS subst command to map part of the path to a drive letter.
Current project path is 'C:/Users/Acer/Desktop/New folder (3)/16 bit risk processor/verilogProcessorV5/verilogProcessorV2'
INFO: [Project 1-313] Project file moved from 'C:/Users/ASUS/OneDrive - engug.ruh.ac.lk/University/SEMESTER6/Syn/Processor/verilogProcessorV5/verilogProcessorV2' since last save.
Scanning sources...
Finished scanning sources
INFO: [IP_Flow 19-234] Refreshing IP repositories
INFO: [IP_Flow 19-1704] No user IP repositories specified
INFO: [IP_Flow 19-2313] Loaded Vivado IP repository 'C:/Xilinx/Vivado/2020.1/data/ip'.oopen_project: Time (s): cpu = 00:00:26 ; elapsed = 00:00:11 . Memory (MB): peak = 1019.113 ; gain = 0.000uupdate_compile_order -fileset sources_1
exit
INFO: [Common 17-206] Exiting Vivado at Wed Sep 13 23:08:42 2023...
